[02-Sep-2021 04:29:38 UTC] PHP Warning:  An unexpected error occurred. Something may be wrong with WordPress.org or this server&#8217;s configuration. If you continue to have problems, please try the <a href="https://wordpress.org/support/forums/">support forums</a>. (WordPress could not establish a secure connection to WordPress.org. Please contact your server administrator.) in /var/www/html/Webiti/Site/Webiti-v2/wp/wp-admin/includes/translation-install.php on line 68
[02-Sep-2021 05:11:18 UTC] PHP Warning:  require(inc/theme-setup.php): failed to open stream: No such file or directory in /var/www/html/Webiti/Site/Webiti-v2/content/themes/webiti/functions.php on line 5
[02-Sep-2021 05:11:18 UTC] PHP Fatal error:  require(): Failed opening required 'inc/theme-setup.php' (include_path='.:/usr/share/php') in /var/www/html/Webiti/Site/Webiti-v2/content/themes/webiti/functions.php on line 5
[02-Sep-2021 05:11:35 UTC] PHP Warning:  require(inc/theme-setup.php): failed to open stream: No such file or directory in /var/www/html/Webiti/Site/Webiti-v2/content/themes/webiti/functions.php on line 5
[02-Sep-2021 05:11:35 UTC] PHP Fatal error:  require(): Failed opening required 'inc/theme-setup.php' (include_path='.:/usr/share/php') in /var/www/html/Webiti/Site/Webiti-v2/content/themes/webiti/functions.php on line 5
[02-Sep-2021 05:11:36 UTC] PHP Warning:  require(inc/theme-setup.php): failed to open stream: No such file or directory in /var/www/html/Webiti/Site/Webiti-v2/content/themes/webiti/functions.php on line 5
[02-Sep-2021 05:11:36 UTC] PHP Fatal error:  require(): Failed opening required 'inc/theme-setup.php' (include_path='.:/usr/share/php') in /var/www/html/Webiti/Site/Webiti-v2/content/themes/webiti/functions.php on line 5
[02-Sep-2021 05:11:37 UTC] PHP Warning:  require(inc/theme-setup.php): failed to open stream: No such file or directory in /var/www/html/Webiti/Site/Webiti-v2/content/themes/webiti/functions.php on line 5
[02-Sep-2021 05:11:37 UTC] PHP Fatal error:  require(): Failed opening required 'inc/theme-setup.php' (include_path='.:/usr/share/php') in /var/www/html/Webiti/Site/Webiti-v2/content/themes/webiti/functions.php on line 5
[02-Sep-2021 05:11:37 UTC] PHP Warning:  require(inc/theme-setup.php): failed to open stream: No such file or directory in /var/www/html/Webiti/Site/Webiti-v2/content/themes/webiti/functions.php on line 5
[02-Sep-2021 05:11:37 UTC] PHP Fatal error:  require(): Failed opening required 'inc/theme-setup.php' (include_path='.:/usr/share/php') in /var/www/html/Webiti/Site/Webiti-v2/content/themes/webiti/functions.php on line 5
[02-Sep-2021 05:11:37 UTC] PHP Warning:  require(inc/theme-setup.php): failed to open stream: No such file or directory in /var/www/html/Webiti/Site/Webiti-v2/content/themes/webiti/functions.php on line 5
[02-Sep-2021 05:11:37 UTC] PHP Fatal error:  require(): Failed opening required 'inc/theme-setup.php' (include_path='.:/usr/share/php') in /var/www/html/Webiti/Site/Webiti-v2/content/themes/webiti/functions.php on line 5
[02-Sep-2021 05:11:37 UTC] PHP Warning:  require(inc/theme-setup.php): failed to open stream: No such file or directory in /var/www/html/Webiti/Site/Webiti-v2/content/themes/webiti/functions.php on line 5
[02-Sep-2021 05:11:37 UTC] PHP Fatal error:  require(): Failed opening required 'inc/theme-setup.php' (include_path='.:/usr/share/php') in /var/www/html/Webiti/Site/Webiti-v2/content/themes/webiti/functions.php on line 5
[02-Sep-2021 05:11:37 UTC] PHP Warning:  require(inc/theme-setup.php): failed to open stream: No such file or directory in /var/www/html/Webiti/Site/Webiti-v2/content/themes/webiti/functions.php on line 5
[02-Sep-2021 05:11:37 UTC] PHP Fatal error:  require(): Failed opening required 'inc/theme-setup.php' (include_path='.:/usr/share/php') in /var/www/html/Webiti/Site/Webiti-v2/content/themes/webiti/functions.php on line 5
[02-Sep-2021 05:19:01 UTC] PHP Warning:  call_user_func_array() expects parameter 1 to be a valid callback, function 'webitiSetup' not found or invalid function name in /var/www/html/Webiti/Site/Webiti-v2/wp/wp-includes/class-wp-hook.php on line 303
[02-Sep-2021 05:19:01 UTC] PHP Warning:  call_user_func_array() expects parameter 1 to be a valid callback, function 'webitiSetup' not found or invalid function name in /var/www/html/Webiti/Site/Webiti-v2/wp/wp-includes/class-wp-hook.php on line 303
[02-Sep-2021 05:19:01 UTC] PHP Warning:  call_user_func_array() expects parameter 1 to be a valid callback, function 'webitiSetup' not found or invalid function name in /var/www/html/Webiti/Site/Webiti-v2/wp/wp-includes/class-wp-hook.php on line 303
[02-Sep-2021 05:19:01 UTC] PHP Warning:  call_user_func_array() expects parameter 1 to be a valid callback, function 'webitiSetup' not found or invalid function name in /var/www/html/Webiti/Site/Webiti-v2/wp/wp-includes/class-wp-hook.php on line 303
[02-Sep-2021 05:19:01 UTC] PHP Warning:  call_user_func_array() expects parameter 1 to be a valid callback, function 'webitiSetup' not found or invalid function name in /var/www/html/Webiti/Site/Webiti-v2/wp/wp-includes/class-wp-hook.php on line 303
[02-Sep-2021 05:19:01 UTC] PHP Warning:  call_user_func_array() expects parameter 1 to be a valid callback, function 'webitiSetup' not found or invalid function name in /var/www/html/Webiti/Site/Webiti-v2/wp/wp-includes/class-wp-hook.php on line 303
[02-Sep-2021 05:19:01 UTC] PHP Warning:  call_user_func_array() expects parameter 1 to be a valid callback, function 'webitiSetup' not found or invalid function name in /var/www/html/Webiti/Site/Webiti-v2/wp/wp-includes/class-wp-hook.php on line 303
[02-Sep-2021 05:19:01 UTC] PHP Warning:  call_user_func_array() expects parameter 1 to be a valid callback, function 'webitiSetup' not found or invalid function name in /var/www/html/Webiti/Site/Webiti-v2/wp/wp-includes/class-wp-hook.php on line 303
[02-Sep-2021 05:19:01 UTC] PHP Warning:  call_user_func_array() expects parameter 1 to be a valid callback, function 'webitiSetup' not found or invalid function name in /var/www/html/Webiti/Site/Webiti-v2/wp/wp-includes/class-wp-hook.php on line 303
[02-Sep-2021 05:19:01 UTC] PHP Warning:  call_user_func_array() expects parameter 1 to be a valid callback, function 'webitiSetup' not found or invalid function name in /var/www/html/Webiti/Site/Webiti-v2/wp/wp-includes/class-wp-hook.php on line 303
[02-Sep-2021 05:19:01 UTC] PHP Warning:  call_user_func_array() expects parameter 1 to be a valid callback, function 'webitiSetup' not found or invalid function name in /var/www/html/Webiti/Site/Webiti-v2/wp/wp-includes/class-wp-hook.php on line 303
[02-Sep-2021 05:19:01 UTC] PHP Warning:  call_user_func_array() expects parameter 1 to be a valid callback, function 'webitiSetup' not found or invalid function name in /var/www/html/Webiti/Site/Webiti-v2/wp/wp-includes/class-wp-hook.php on line 303
[02-Sep-2021 05:19:01 UTC] PHP Warning:  call_user_func_array() expects parameter 1 to be a valid callback, function 'webitiSetup' not found or invalid function name in /var/www/html/Webiti/Site/Webiti-v2/wp/wp-includes/class-wp-hook.php on line 303
[02-Sep-2021 05:19:02 UTC] PHP Warning:  call_user_func_array() expects parameter 1 to be a valid callback, function 'webitiSetup' not found or invalid function name in /var/www/html/Webiti/Site/Webiti-v2/wp/wp-includes/class-wp-hook.php on line 303
[02-Sep-2021 05:19:02 UTC] PHP Warning:  call_user_func_array() expects parameter 1 to be a valid callback, function 'webitiSetup' not found or invalid function name in /var/www/html/Webiti/Site/Webiti-v2/wp/wp-includes/class-wp-hook.php on line 303
[02-Sep-2021 05:19:02 UTC] PHP Warning:  call_user_func_array() expects parameter 1 to be a valid callback, function 'webitiSetup' not found or invalid function name in /var/www/html/Webiti/Site/Webiti-v2/wp/wp-includes/class-wp-hook.php on line 303
[02-Sep-2021 05:19:02 UTC] PHP Warning:  call_user_func_array() expects parameter 1 to be a valid callback, function 'webitiSetup' not found or invalid function name in /var/www/html/Webiti/Site/Webiti-v2/wp/wp-includes/class-wp-hook.php on line 303
[02-Sep-2021 05:19:02 UTC] PHP Warning:  call_user_func_array() expects parameter 1 to be a valid callback, function 'webitiSetup' not found or invalid function name in /var/www/html/Webiti/Site/Webiti-v2/wp/wp-includes/class-wp-hook.php on line 303
[02-Sep-2021 05:19:02 UTC] PHP Warning:  call_user_func_array() expects parameter 1 to be a valid callback, function 'webitiSetup' not found or invalid function name in /var/www/html/Webiti/Site/Webiti-v2/wp/wp-includes/class-wp-hook.php on line 303
[02-Sep-2021 05:19:02 UTC] PHP Warning:  call_user_func_array() expects parameter 1 to be a valid callback, function 'webitiSetup' not found or invalid function name in /var/www/html/Webiti/Site/Webiti-v2/wp/wp-includes/class-wp-hook.php on line 303
[02-Sep-2021 05:19:02 UTC] PHP Warning:  call_user_func_array() expects parameter 1 to be a valid callback, function 'webitiSetup' not found or invalid function name in /var/www/html/Webiti/Site/Webiti-v2/wp/wp-includes/class-wp-hook.php on line 303
[02-Sep-2021 05:19:02 UTC] PHP Warning:  call_user_func_array() expects parameter 1 to be a valid callback, function 'webitiSetup' not found or invalid function name in /var/www/html/Webiti/Site/Webiti-v2/wp/wp-includes/class-wp-hook.php on line 303
[02-Sep-2021 05:19:02 UTC] PHP Warning:  call_user_func_array() expects parameter 1 to be a valid callback, function 'webitiSetup' not found or invalid function name in /var/www/html/Webiti/Site/Webiti-v2/wp/wp-includes/class-wp-hook.php on line 303
[02-Sep-2021 05:19:02 UTC] PHP Warning:  call_user_func_array() expects parameter 1 to be a valid callback, function 'webitiSetup' not found or invalid function name in /var/www/html/Webiti/Site/Webiti-v2/wp/wp-includes/class-wp-hook.php on line 303
[02-Sep-2021 05:19:02 UTC] PHP Warning:  call_user_func_array() expects parameter 1 to be a valid callback, function 'webitiSetup' not found or invalid function name in /var/www/html/Webiti/Site/Webiti-v2/wp/wp-includes/class-wp-hook.php on line 303
[02-Sep-2021 05:19:02 UTC] PHP Warning:  call_user_func_array() expects parameter 1 to be a valid callback, function 'webitiSetup' not found or invalid function name in /var/www/html/Webiti/Site/Webiti-v2/wp/wp-includes/class-wp-hook.php on line 303
[02-Sep-2021 05:19:02 UTC] PHP Warning:  call_user_func_array() expects parameter 1 to be a valid callback, function 'webitiSetup' not found or invalid function name in /var/www/html/Webiti/Site/Webiti-v2/wp/wp-includes/class-wp-hook.php on line 303
[02-Sep-2021 05:19:02 UTC] PHP Warning:  call_user_func_array() expects parameter 1 to be a valid callback, function 'webitiSetup' not found or invalid function name in /var/www/html/Webiti/Site/Webiti-v2/wp/wp-includes/class-wp-hook.php on line 303
[02-Sep-2021 05:19:02 UTC] PHP Warning:  call_user_func_array() expects parameter 1 to be a valid callback, function 'webitiSetup' not found or invalid function name in /var/www/html/Webiti/Site/Webiti-v2/wp/wp-includes/class-wp-hook.php on line 303
[02-Sep-2021 05:19:02 UTC] PHP Warning:  call_user_func_array() expects parameter 1 to be a valid callback, function 'webitiSetup' not found or invalid function name in /var/www/html/Webiti/Site/Webiti-v2/wp/wp-includes/class-wp-hook.php on line 303
[02-Sep-2021 05:19:02 UTC] PHP Warning:  call_user_func_array() expects parameter 1 to be a valid callback, function 'webitiSetup' not found or invalid function name in /var/www/html/Webiti/Site/Webiti-v2/wp/wp-includes/class-wp-hook.php on line 303
[02-Sep-2021 05:19:02 UTC] PHP Warning:  call_user_func_array() expects parameter 1 to be a valid callback, function 'webitiSetup' not found or invalid function name in /var/www/html/Webiti/Site/Webiti-v2/wp/wp-includes/class-wp-hook.php on line 303
[02-Sep-2021 05:19:02 UTC] PHP Warning:  call_user_func_array() expects parameter 1 to be a valid callback, function 'webitiSetup' not found or invalid function name in /var/www/html/Webiti/Site/Webiti-v2/wp/wp-includes/class-wp-hook.php on line 303
[02-Sep-2021 05:19:02 UTC] PHP Warning:  call_user_func_array() expects parameter 1 to be a valid callback, function 'webitiSetup' not found or invalid function name in /var/www/html/Webiti/Site/Webiti-v2/wp/wp-includes/class-wp-hook.php on line 303
[02-Sep-2021 05:19:02 UTC] PHP Warning:  call_user_func_array() expects parameter 1 to be a valid callback, function 'webitiSetup' not found or invalid function name in /var/www/html/Webiti/Site/Webiti-v2/wp/wp-includes/class-wp-hook.php on line 303
[02-Sep-2021 05:19:02 UTC] PHP Warning:  call_user_func_array() expects parameter 1 to be a valid callback, function 'webitiSetup' not found or invalid function name in /var/www/html/Webiti/Site/Webiti-v2/wp/wp-includes/class-wp-hook.php on line 303
[02-Sep-2021 05:19:02 UTC] PHP Warning:  call_user_func_array() expects parameter 1 to be a valid callback, function 'webitiSetup' not found or invalid function name in /var/www/html/Webiti/Site/Webiti-v2/wp/wp-includes/class-wp-hook.php on line 303
[02-Sep-2021 05:19:02 UTC] PHP Warning:  call_user_func_array() expects parameter 1 to be a valid callback, function 'webitiSetup' not found or invalid function name in /var/www/html/Webiti/Site/Webiti-v2/wp/wp-includes/class-wp-hook.php on line 303
[02-Sep-2021 05:19:02 UTC] PHP Warning:  call_user_func_array() expects parameter 1 to be a valid callback, function 'webitiSetup' not found or invalid function name in /var/www/html/Webiti/Site/Webiti-v2/wp/wp-includes/class-wp-hook.php on line 303
[02-Sep-2021 05:19:02 UTC] PHP Warning:  call_user_func_array() expects parameter 1 to be a valid callback, function 'webitiSetup' not found or invalid function name in /var/www/html/Webiti/Site/Webiti-v2/wp/wp-includes/class-wp-hook.php on line 303
[02-Sep-2021 05:19:02 UTC] PHP Warning:  call_user_func_array() expects parameter 1 to be a valid callback, function 'webitiSetup' not found or invalid function name in /var/www/html/Webiti/Site/Webiti-v2/wp/wp-includes/class-wp-hook.php on line 303
[02-Sep-2021 05:19:02 UTC] PHP Warning:  call_user_func_array() expects parameter 1 to be a valid callback, function 'webitiSetup' not found or invalid function name in /var/www/html/Webiti/Site/Webiti-v2/wp/wp-includes/class-wp-hook.php on line 303
[02-Sep-2021 05:19:02 UTC] PHP Warning:  call_user_func_array() expects parameter 1 to be a valid callback, function 'webitiSetup' not found or invalid function name in /var/www/html/Webiti/Site/Webiti-v2/wp/wp-includes/class-wp-hook.php on line 303
[02-Sep-2021 05:19:02 UTC] PHP Warning:  call_user_func_array() expects parameter 1 to be a valid callback, function 'webitiSetup' not found or invalid function name in /var/www/html/Webiti/Site/Webiti-v2/wp/wp-includes/class-wp-hook.php on line 303
[02-Sep-2021 05:19:02 UTC] PHP Warning:  call_user_func_array() expects parameter 1 to be a valid callback, function 'webitiSetup' not found or invalid function name in /var/www/html/Webiti/Site/Webiti-v2/wp/wp-includes/class-wp-hook.php on line 303
[02-Sep-2021 05:19:02 UTC] PHP Warning:  call_user_func_array() expects parameter 1 to be a valid callback, function 'webitiSetup' not found or invalid function name in /var/www/html/Webiti/Site/Webiti-v2/wp/wp-includes/class-wp-hook.php on line 303
[02-Sep-2021 05:19:02 UTC] PHP Warning:  call_user_func_array() expects parameter 1 to be a valid callback, function 'webitiSetup' not found or invalid function name in /var/www/html/Webiti/Site/Webiti-v2/wp/wp-includes/class-wp-hook.php on line 303
[02-Sep-2021 05:21:04 UTC] PHP Warning:  call_user_func_array() expects parameter 1 to be a valid callback, function 'webitiSetup' not found or invalid function name in /var/www/html/Webiti/Site/Webiti-v2/wp/wp-includes/class-wp-hook.php on line 303
[02-Sep-2021 05:21:04 UTC] PHP Warning:  call_user_func_array() expects parameter 1 to be a valid callback, function 'webitiSetup' not found or invalid function name in /var/www/html/Webiti/Site/Webiti-v2/wp/wp-includes/class-wp-hook.php on line 303
[02-Sep-2021 05:21:04 UTC] PHP Warning:  call_user_func_array() expects parameter 1 to be a valid callback, function 'webitiSetup' not found or invalid function name in /var/www/html/Webiti/Site/Webiti-v2/wp/wp-includes/class-wp-hook.php on line 303
[02-Sep-2021 05:21:04 UTC] PHP Warning:  call_user_func_array() expects parameter 1 to be a valid callback, function 'webitiSetup' not found or invalid function name in /var/www/html/Webiti/Site/Webiti-v2/wp/wp-includes/class-wp-hook.php on line 303
[02-Sep-2021 05:21:04 UTC] PHP Warning:  call_user_func_array() expects parameter 1 to be a valid callback, function 'webitiSetup' not found or invalid function name in /var/www/html/Webiti/Site/Webiti-v2/wp/wp-includes/class-wp-hook.php on line 303
[02-Sep-2021 05:21:04 UTC] PHP Warning:  call_user_func_array() expects parameter 1 to be a valid callback, function 'webitiSetup' not found or invalid function name in /var/www/html/Webiti/Site/Webiti-v2/wp/wp-includes/class-wp-hook.php on line 303
[02-Sep-2021 05:21:04 UTC] PHP Warning:  call_user_func_array() expects parameter 1 to be a valid callback, function 'webitiSetup' not found or invalid function name in /var/www/html/Webiti/Site/Webiti-v2/wp/wp-includes/class-wp-hook.php on line 303
[02-Sep-2021 05:21:04 UTC] PHP Warning:  call_user_func_array() expects parameter 1 to be a valid callback, function 'webitiSetup' not found or invalid function name in /var/www/html/Webiti/Site/Webiti-v2/wp/wp-includes/class-wp-hook.php on line 303
[02-Sep-2021 05:21:04 UTC] PHP Warning:  call_user_func_array() expects parameter 1 to be a valid callback, function 'webitiSetup' not found or invalid function name in /var/www/html/Webiti/Site/Webiti-v2/wp/wp-includes/class-wp-hook.php on line 303
[02-Sep-2021 05:21:04 UTC] PHP Warning:  call_user_func_array() expects parameter 1 to be a valid callback, function 'webitiSetup' not found or invalid function name in /var/www/html/Webiti/Site/Webiti-v2/wp/wp-includes/class-wp-hook.php on line 303
[02-Sep-2021 05:21:04 UTC] PHP Warning:  call_user_func_array() expects parameter 1 to be a valid callback, function 'webitiSetup' not found or invalid function name in /var/www/html/Webiti/Site/Webiti-v2/wp/wp-includes/class-wp-hook.php on line 303
[02-Sep-2021 05:21:04 UTC] PHP Warning:  call_user_func_array() expects parameter 1 to be a valid callback, function 'webitiSetup' not found or invalid function name in /var/www/html/Webiti/Site/Webiti-v2/wp/wp-includes/class-wp-hook.php on line 303
[02-Sep-2021 05:21:05 UTC] PHP Warning:  call_user_func_array() expects parameter 1 to be a valid callback, function 'webitiSetup' not found or invalid function name in /var/www/html/Webiti/Site/Webiti-v2/wp/wp-includes/class-wp-hook.php on line 303
[02-Sep-2021 05:21:05 UTC] PHP Warning:  call_user_func_array() expects parameter 1 to be a valid callback, function 'webitiSetup' not found or invalid function name in /var/www/html/Webiti/Site/Webiti-v2/wp/wp-includes/class-wp-hook.php on line 303
[02-Sep-2021 05:21:05 UTC] PHP Warning:  call_user_func_array() expects parameter 1 to be a valid callback, function 'webitiSetup' not found or invalid function name in /var/www/html/Webiti/Site/Webiti-v2/wp/wp-includes/class-wp-hook.php on line 303
[02-Sep-2021 05:21:05 UTC] PHP Warning:  call_user_func_array() expects parameter 1 to be a valid callback, function 'webitiSetup' not found or invalid function name in /var/www/html/Webiti/Site/Webiti-v2/wp/wp-includes/class-wp-hook.php on line 303
[02-Sep-2021 05:21:05 UTC] PHP Warning:  call_user_func_array() expects parameter 1 to be a valid callback, function 'webitiSetup' not found or invalid function name in /var/www/html/Webiti/Site/Webiti-v2/wp/wp-includes/class-wp-hook.php on line 303
[02-Sep-2021 05:21:05 UTC] PHP Warning:  call_user_func_array() expects parameter 1 to be a valid callback, function 'webitiSetup' not found or invalid function name in /var/www/html/Webiti/Site/Webiti-v2/wp/wp-includes/class-wp-hook.php on line 303
[02-Sep-2021 05:21:05 UTC] PHP Warning:  call_user_func_array() expects parameter 1 to be a valid callback, function 'webitiSetup' not found or invalid function name in /var/www/html/Webiti/Site/Webiti-v2/wp/wp-includes/class-wp-hook.php on line 303
[02-Sep-2021 05:21:05 UTC] PHP Warning:  call_user_func_array() expects parameter 1 to be a valid callback, function 'webitiSetup' not found or invalid function name in /var/www/html/Webiti/Site/Webiti-v2/wp/wp-includes/class-wp-hook.php on line 303
[02-Sep-2021 05:21:05 UTC] PHP Warning:  call_user_func_array() expects parameter 1 to be a valid callback, function 'webitiSetup' not found or invalid function name in /var/www/html/Webiti/Site/Webiti-v2/wp/wp-includes/class-wp-hook.php on line 303
[02-Sep-2021 05:21:05 UTC] PHP Warning:  call_user_func_array() expects parameter 1 to be a valid callback, function 'webitiSetup' not found or invalid function name in /var/www/html/Webiti/Site/Webiti-v2/wp/wp-includes/class-wp-hook.php on line 303
[02-Sep-2021 05:21:05 UTC] PHP Warning:  call_user_func_array() expects parameter 1 to be a valid callback, function 'webitiSetup' not found or invalid function name in /var/www/html/Webiti/Site/Webiti-v2/wp/wp-includes/class-wp-hook.php on line 303
[02-Sep-2021 05:21:05 UTC] PHP Warning:  call_user_func_array() expects parameter 1 to be a valid callback, function 'webitiSetup' not found or invalid function name in /var/www/html/Webiti/Site/Webiti-v2/wp/wp-includes/class-wp-hook.php on line 303
[02-Sep-2021 05:21:05 UTC] PHP Warning:  call_user_func_array() expects parameter 1 to be a valid callback, function 'webitiSetup' not found or invalid function name in /var/www/html/Webiti/Site/Webiti-v2/wp/wp-includes/class-wp-hook.php on line 303
[02-Sep-2021 05:21:05 UTC] PHP Warning:  call_user_func_array() expects parameter 1 to be a valid callback, function 'webitiSetup' not found or invalid function name in /var/www/html/Webiti/Site/Webiti-v2/wp/wp-includes/class-wp-hook.php on line 303
[02-Sep-2021 05:21:05 UTC] PHP Warning:  call_user_func_array() expects parameter 1 to be a valid callback, function 'webitiSetup' not found or invalid function name in /var/www/html/Webiti/Site/Webiti-v2/wp/wp-includes/class-wp-hook.php on line 303
[02-Sep-2021 05:21:05 UTC] PHP Warning:  call_user_func_array() expects parameter 1 to be a valid callback, function 'webitiSetup' not found or invalid function name in /var/www/html/Webiti/Site/Webiti-v2/wp/wp-includes/class-wp-hook.php on line 303
[02-Sep-2021 05:21:05 UTC] PHP Warning:  call_user_func_array() expects parameter 1 to be a valid callback, function 'webitiSetup' not found or invalid function name in /var/www/html/Webiti/Site/Webiti-v2/wp/wp-includes/class-wp-hook.php on line 303
[02-Sep-2021 05:21:05 UTC] PHP Warning:  call_user_func_array() expects parameter 1 to be a valid callback, function 'webitiSetup' not found or invalid function name in /var/www/html/Webiti/Site/Webiti-v2/wp/wp-includes/class-wp-hook.php on line 303
[02-Sep-2021 05:21:05 UTC] PHP Warning:  call_user_func_array() expects parameter 1 to be a valid callback, function 'webitiSetup' not found or invalid function name in /var/www/html/Webiti/Site/Webiti-v2/wp/wp-includes/class-wp-hook.php on line 303
[02-Sep-2021 05:21:05 UTC] PHP Warning:  call_user_func_array() expects parameter 1 to be a valid callback, function 'webitiSetup' not found or invalid function name in /var/www/html/Webiti/Site/Webiti-v2/wp/wp-includes/class-wp-hook.php on line 303
[02-Sep-2021 05:21:05 UTC] PHP Warning:  call_user_func_array() expects parameter 1 to be a valid callback, function 'webitiSetup' not found or invalid function name in /var/www/html/Webiti/Site/Webiti-v2/wp/wp-includes/class-wp-hook.php on line 303
[02-Sep-2021 05:21:05 UTC] PHP Warning:  call_user_func_array() expects parameter 1 to be a valid callback, function 'webitiSetup' not found or invalid function name in /var/www/html/Webiti/Site/Webiti-v2/wp/wp-includes/class-wp-hook.php on line 303
[02-Sep-2021 05:21:05 UTC] PHP Warning:  call_user_func_array() expects parameter 1 to be a valid callback, function 'webitiSetup' not found or invalid function name in /var/www/html/Webiti/Site/Webiti-v2/wp/wp-includes/class-wp-hook.php on line 303
[02-Sep-2021 05:21:05 UTC] PHP Warning:  call_user_func_array() expects parameter 1 to be a valid callback, function 'webitiSetup' not found or invalid function name in /var/www/html/Webiti/Site/Webiti-v2/wp/wp-includes/class-wp-hook.php on line 303
[02-Sep-2021 05:21:05 UTC] PHP Warning:  call_user_func_array() expects parameter 1 to be a valid callback, function 'webitiSetup' not found or invalid function name in /var/www/html/Webiti/Site/Webiti-v2/wp/wp-includes/class-wp-hook.php on line 303
[02-Sep-2021 05:21:05 UTC] PHP Warning:  call_user_func_array() expects parameter 1 to be a valid callback, function 'webitiSetup' not found or invalid function name in /var/www/html/Webiti/Site/Webiti-v2/wp/wp-includes/class-wp-hook.php on line 303
[02-Sep-2021 05:21:05 UTC] PHP Warning:  call_user_func_array() expects parameter 1 to be a valid callback, function 'webitiSetup' not found or invalid function name in /var/www/html/Webiti/Site/Webiti-v2/wp/wp-includes/class-wp-hook.php on line 303
[02-Sep-2021 05:21:05 UTC] PHP Warning:  call_user_func_array() expects parameter 1 to be a valid callback, function 'webitiSetup' not found or invalid function name in /var/www/html/Webiti/Site/Webiti-v2/wp/wp-includes/class-wp-hook.php on line 303
[02-Sep-2021 05:21:05 UTC] PHP Warning:  call_user_func_array() expects parameter 1 to be a valid callback, function 'webitiSetup' not found or invalid function name in /var/www/html/Webiti/Site/Webiti-v2/wp/wp-includes/class-wp-hook.php on line 303
[02-Sep-2021 05:21:05 UTC] PHP Warning:  call_user_func_array() expects parameter 1 to be a valid callback, function 'webitiSetup' not found or invalid function name in /var/www/html/Webiti/Site/Webiti-v2/wp/wp-includes/class-wp-hook.php on line 303
[02-Sep-2021 05:21:05 UTC] PHP Warning:  call_user_func_array() expects parameter 1 to be a valid callback, function 'webitiSetup' not found or invalid function name in /var/www/html/Webiti/Site/Webiti-v2/wp/wp-includes/class-wp-hook.php on line 303
[02-Sep-2021 05:21:05 UTC] PHP Warning:  call_user_func_array() expects parameter 1 to be a valid callback, function 'webitiSetup' not found or invalid function name in /var/www/html/Webiti/Site/Webiti-v2/wp/wp-includes/class-wp-hook.php on line 303
[02-Sep-2021 05:21:05 UTC] PHP Warning:  call_user_func_array() expects parameter 1 to be a valid callback, function 'webitiSetup' not found or invalid function name in /var/www/html/Webiti/Site/Webiti-v2/wp/wp-includes/class-wp-hook.php on line 303
[02-Sep-2021 05:21:05 UTC] PHP Warning:  call_user_func_array() expects parameter 1 to be a valid callback, function 'webitiSetup' not found or invalid function name in /var/www/html/Webiti/Site/Webiti-v2/wp/wp-includes/class-wp-hook.php on line 303
[02-Sep-2021 05:21:05 UTC] PHP Warning:  call_user_func_array() expects parameter 1 to be a valid callback, function 'webitiSetup' not found or invalid function name in /var/www/html/Webiti/Site/Webiti-v2/wp/wp-includes/class-wp-hook.php on line 303
[02-Sep-2021 05:21:12 UTC] PHP Warning:  call_user_func_array() expects parameter 1 to be a valid callback, function 'webitiSetup' not found or invalid function name in /var/www/html/Webiti/Site/Webiti-v2/wp/wp-includes/class-wp-hook.php on line 303
[02-Sep-2021 05:21:12 UTC] PHP Warning:  call_user_func_array() expects parameter 1 to be a valid callback, function 'webitiSetup' not found or invalid function name in /var/www/html/Webiti/Site/Webiti-v2/wp/wp-includes/class-wp-hook.php on line 303
[02-Sep-2021 05:21:12 UTC] PHP Warning:  call_user_func_array() expects parameter 1 to be a valid callback, function 'webitiSetup' not found or invalid function name in /var/www/html/Webiti/Site/Webiti-v2/wp/wp-includes/class-wp-hook.php on line 303
[02-Sep-2021 05:21:12 UTC] PHP Warning:  call_user_func_array() expects parameter 1 to be a valid callback, function 'webitiSetup' not found or invalid function name in /var/www/html/Webiti/Site/Webiti-v2/wp/wp-includes/class-wp-hook.php on line 303
[02-Sep-2021 05:21:12 UTC] PHP Warning:  call_user_func_array() expects parameter 1 to be a valid callback, function 'webitiSetup' not found or invalid function name in /var/www/html/Webiti/Site/Webiti-v2/wp/wp-includes/class-wp-hook.php on line 303
[02-Sep-2021 05:21:12 UTC] PHP Warning:  call_user_func_array() expects parameter 1 to be a valid callback, function 'webitiSetup' not found or invalid function name in /var/www/html/Webiti/Site/Webiti-v2/wp/wp-includes/class-wp-hook.php on line 303
[02-Sep-2021 05:21:12 UTC] PHP Warning:  call_user_func_array() expects parameter 1 to be a valid callback, function 'webitiSetup' not found or invalid function name in /var/www/html/Webiti/Site/Webiti-v2/wp/wp-includes/class-wp-hook.php on line 303
[02-Sep-2021 05:21:12 UTC] PHP Warning:  call_user_func_array() expects parameter 1 to be a valid callback, function 'webitiSetup' not found or invalid function name in /var/www/html/Webiti/Site/Webiti-v2/wp/wp-includes/class-wp-hook.php on line 303
[02-Sep-2021 05:21:12 UTC] PHP Warning:  call_user_func_array() expects parameter 1 to be a valid callback, function 'webitiSetup' not found or invalid function name in /var/www/html/Webiti/Site/Webiti-v2/wp/wp-includes/class-wp-hook.php on line 303
[02-Sep-2021 05:21:12 UTC] PHP Warning:  call_user_func_array() expects parameter 1 to be a valid callback, function 'webitiSetup' not found or invalid function name in /var/www/html/Webiti/Site/Webiti-v2/wp/wp-includes/class-wp-hook.php on line 303
[02-Sep-2021 05:21:12 UTC] PHP Warning:  call_user_func_array() expects parameter 1 to be a valid callback, function 'webitiSetup' not found or invalid function name in /var/www/html/Webiti/Site/Webiti-v2/wp/wp-includes/class-wp-hook.php on line 303
[02-Sep-2021 05:21:12 UTC] PHP Warning:  call_user_func_array() expects parameter 1 to be a valid callback, function 'webitiSetup' not found or invalid function name in /var/www/html/Webiti/Site/Webiti-v2/wp/wp-includes/class-wp-hook.php on line 303
[02-Sep-2021 05:21:12 UTC] PHP Warning:  call_user_func_array() expects parameter 1 to be a valid callback, function 'webitiSetup' not found or invalid function name in /var/www/html/Webiti/Site/Webiti-v2/wp/wp-includes/class-wp-hook.php on line 303
[02-Sep-2021 05:21:12 UTC] PHP Warning:  call_user_func_array() expects parameter 1 to be a valid callback, function 'webitiSetup' not found or invalid function name in /var/www/html/Webiti/Site/Webiti-v2/wp/wp-includes/class-wp-hook.php on line 303
[02-Sep-2021 05:21:12 UTC] PHP Warning:  call_user_func_array() expects parameter 1 to be a valid callback, function 'webitiSetup' not found or invalid function name in /var/www/html/Webiti/Site/Webiti-v2/wp/wp-includes/class-wp-hook.php on line 303
[02-Sep-2021 05:21:12 UTC] PHP Warning:  call_user_func_array() expects parameter 1 to be a valid callback, function 'webitiSetup' not found or invalid function name in /var/www/html/Webiti/Site/Webiti-v2/wp/wp-includes/class-wp-hook.php on line 303
[02-Sep-2021 05:21:12 UTC] PHP Warning:  call_user_func_array() expects parameter 1 to be a valid callback, function 'webitiSetup' not found or invalid function name in /var/www/html/Webiti/Site/Webiti-v2/wp/wp-includes/class-wp-hook.php on line 303
[02-Sep-2021 05:21:12 UTC] PHP Warning:  call_user_func_array() expects parameter 1 to be a valid callback, function 'webitiSetup' not found or invalid function name in /var/www/html/Webiti/Site/Webiti-v2/wp/wp-includes/class-wp-hook.php on line 303
[02-Sep-2021 05:21:12 UTC] PHP Warning:  call_user_func_array() expects parameter 1 to be a valid callback, function 'webitiSetup' not found or invalid function name in /var/www/html/Webiti/Site/Webiti-v2/wp/wp-includes/class-wp-hook.php on line 303
[02-Sep-2021 05:21:12 UTC] PHP Warning:  call_user_func_array() expects parameter 1 to be a valid callback, function 'webitiSetup' not found or invalid function name in /var/www/html/Webiti/Site/Webiti-v2/wp/wp-includes/class-wp-hook.php on line 303
[02-Sep-2021 05:21:12 UTC] PHP Warning:  call_user_func_array() expects parameter 1 to be a valid callback, function 'webitiSetup' not found or invalid function name in /var/www/html/Webiti/Site/Webiti-v2/wp/wp-includes/class-wp-hook.php on line 303
[02-Sep-2021 05:21:12 UTC] PHP Warning:  call_user_func_array() expects parameter 1 to be a valid callback, function 'webitiSetup' not found or invalid function name in /var/www/html/Webiti/Site/Webiti-v2/wp/wp-includes/class-wp-hook.php on line 303
[02-Sep-2021 05:21:12 UTC] PHP Warning:  call_user_func_array() expects parameter 1 to be a valid callback, function 'webitiSetup' not found or invalid function name in /var/www/html/Webiti/Site/Webiti-v2/wp/wp-includes/class-wp-hook.php on line 303
[02-Sep-2021 05:21:12 UTC] PHP Warning:  call_user_func_array() expects parameter 1 to be a valid callback, function 'webitiSetup' not found or invalid function name in /var/www/html/Webiti/Site/Webiti-v2/wp/wp-includes/class-wp-hook.php on line 303
[02-Sep-2021 05:21:12 UTC] PHP Warning:  call_user_func_array() expects parameter 1 to be a valid callback, function 'webitiSetup' not found or invalid function name in /var/www/html/Webiti/Site/Webiti-v2/wp/wp-includes/class-wp-hook.php on line 303
[02-Sep-2021 05:21:12 UTC] PHP Warning:  call_user_func_array() expects parameter 1 to be a valid callback, function 'webitiSetup' not found or invalid function name in /var/www/html/Webiti/Site/Webiti-v2/wp/wp-includes/class-wp-hook.php on line 303
[02-Sep-2021 05:21:12 UTC] PHP Warning:  call_user_func_array() expects parameter 1 to be a valid callback, function 'webitiSetup' not found or invalid function name in /var/www/html/Webiti/Site/Webiti-v2/wp/wp-includes/class-wp-hook.php on line 303
[02-Sep-2021 05:21:12 UTC] PHP Warning:  call_user_func_array() expects parameter 1 to be a valid callback, function 'webitiSetup' not found or invalid function name in /var/www/html/Webiti/Site/Webiti-v2/wp/wp-includes/class-wp-hook.php on line 303
[02-Sep-2021 05:21:12 UTC] PHP Warning:  call_user_func_array() expects parameter 1 to be a valid callback, function 'webitiSetup' not found or invalid function name in /var/www/html/Webiti/Site/Webiti-v2/wp/wp-includes/class-wp-hook.php on line 303
[02-Sep-2021 05:21:12 UTC] PHP Warning:  call_user_func_array() expects parameter 1 to be a valid callback, function 'webitiSetup' not found or invalid function name in /var/www/html/Webiti/Site/Webiti-v2/wp/wp-includes/class-wp-hook.php on line 303
[02-Sep-2021 05:21:12 UTC] PHP Warning:  call_user_func_array() expects parameter 1 to be a valid callback, function 'webitiSetup' not found or invalid function name in /var/www/html/Webiti/Site/Webiti-v2/wp/wp-includes/class-wp-hook.php on line 303
[02-Sep-2021 05:21:12 UTC] PHP Warning:  call_user_func_array() expects parameter 1 to be a valid callback, function 'webitiSetup' not found or invalid function name in /var/www/html/Webiti/Site/Webiti-v2/wp/wp-includes/class-wp-hook.php on line 303
[02-Sep-2021 05:21:12 UTC] PHP Warning:  call_user_func_array() expects parameter 1 to be a valid callback, function 'webitiSetup' not found or invalid function name in /var/www/html/Webiti/Site/Webiti-v2/wp/wp-includes/class-wp-hook.php on line 303
[02-Sep-2021 05:21:12 UTC] PHP Warning:  call_user_func_array() expects parameter 1 to be a valid callback, function 'webitiSetup' not found or invalid function name in /var/www/html/Webiti/Site/Webiti-v2/wp/wp-includes/class-wp-hook.php on line 303
[02-Sep-2021 05:21:12 UTC] PHP Warning:  call_user_func_array() expects parameter 1 to be a valid callback, function 'webitiSetup' not found or invalid function name in /var/www/html/Webiti/Site/Webiti-v2/wp/wp-includes/class-wp-hook.php on line 303
[02-Sep-2021 05:21:12 UTC] PHP Warning:  call_user_func_array() expects parameter 1 to be a valid callback, function 'webitiSetup' not found or invalid function name in /var/www/html/Webiti/Site/Webiti-v2/wp/wp-includes/class-wp-hook.php on line 303
[02-Sep-2021 05:21:12 UTC] PHP Warning:  call_user_func_array() expects parameter 1 to be a valid callback, function 'webitiSetup' not found or invalid function name in /var/www/html/Webiti/Site/Webiti-v2/wp/wp-includes/class-wp-hook.php on line 303
[02-Sep-2021 05:21:12 UTC] PHP Warning:  call_user_func_array() expects parameter 1 to be a valid callback, function 'webitiSetup' not found or invalid function name in /var/www/html/Webiti/Site/Webiti-v2/wp/wp-includes/class-wp-hook.php on line 303
[02-Sep-2021 05:21:12 UTC] PHP Warning:  call_user_func_array() expects parameter 1 to be a valid callback, function 'webitiSetup' not found or invalid function name in /var/www/html/Webiti/Site/Webiti-v2/wp/wp-includes/class-wp-hook.php on line 303
[02-Sep-2021 05:21:12 UTC] PHP Warning:  call_user_func_array() expects parameter 1 to be a valid callback, function 'webitiSetup' not found or invalid function name in /var/www/html/Webiti/Site/Webiti-v2/wp/wp-includes/class-wp-hook.php on line 303
[02-Sep-2021 05:21:12 UTC] PHP Warning:  call_user_func_array() expects parameter 1 to be a valid callback, function 'webitiSetup' not found or invalid function name in /var/www/html/Webiti/Site/Webiti-v2/wp/wp-includes/class-wp-hook.php on line 303
[02-Sep-2021 05:21:12 UTC] PHP Warning:  call_user_func_array() expects parameter 1 to be a valid callback, function 'webitiSetup' not found or invalid function name in /var/www/html/Webiti/Site/Webiti-v2/wp/wp-includes/class-wp-hook.php on line 303
[02-Sep-2021 05:21:12 UTC] PHP Warning:  call_user_func_array() expects parameter 1 to be a valid callback, function 'webitiSetup' not found or invalid function name in /var/www/html/Webiti/Site/Webiti-v2/wp/wp-includes/class-wp-hook.php on line 303
[02-Sep-2021 05:22:28 UTC] PHP Warning:  call_user_func_array() expects parameter 1 to be a valid callback, function 'webitiSetup' not found or invalid function name in /var/www/html/Webiti/Site/Webiti-v2/wp/wp-includes/class-wp-hook.php on line 303
[02-Sep-2021 05:22:28 UTC] PHP Warning:  call_user_func_array() expects parameter 1 to be a valid callback, function 'webitiSetup' not found or invalid function name in /var/www/html/Webiti/Site/Webiti-v2/wp/wp-includes/class-wp-hook.php on line 303
[02-Sep-2021 05:22:28 UTC] PHP Warning:  call_user_func_array() expects parameter 1 to be a valid callback, function 'webitiSetup' not found or invalid function name in /var/www/html/Webiti/Site/Webiti-v2/wp/wp-includes/class-wp-hook.php on line 303
[02-Sep-2021 05:22:28 UTC] PHP Warning:  call_user_func_array() expects parameter 1 to be a valid callback, function 'webitiSetup' not found or invalid function name in /var/www/html/Webiti/Site/Webiti-v2/wp/wp-includes/class-wp-hook.php on line 303
[02-Sep-2021 05:22:28 UTC] PHP Warning:  call_user_func_array() expects parameter 1 to be a valid callback, function 'webitiSetup' not found or invalid function name in /var/www/html/Webiti/Site/Webiti-v2/wp/wp-includes/class-wp-hook.php on line 303
[02-Sep-2021 05:22:28 UTC] PHP Warning:  call_user_func_array() expects parameter 1 to be a valid callback, function 'webitiSetup' not found or invalid function name in /var/www/html/Webiti/Site/Webiti-v2/wp/wp-includes/class-wp-hook.php on line 303
[02-Sep-2021 05:22:28 UTC] PHP Warning:  call_user_func_array() expects parameter 1 to be a valid callback, function 'webitiSetup' not found or invalid function name in /var/www/html/Webiti/Site/Webiti-v2/wp/wp-includes/class-wp-hook.php on line 303
[02-Sep-2021 05:22:28 UTC] PHP Warning:  call_user_func_array() expects parameter 1 to be a valid callback, function 'webitiSetup' not found or invalid function name in /var/www/html/Webiti/Site/Webiti-v2/wp/wp-includes/class-wp-hook.php on line 303
[02-Sep-2021 05:22:28 UTC] PHP Warning:  call_user_func_array() expects parameter 1 to be a valid callback, function 'webitiSetup' not found or invalid function name in /var/www/html/Webiti/Site/Webiti-v2/wp/wp-includes/class-wp-hook.php on line 303
[02-Sep-2021 05:22:28 UTC] PHP Warning:  call_user_func_array() expects parameter 1 to be a valid callback, function 'webitiSetup' not found or invalid function name in /var/www/html/Webiti/Site/Webiti-v2/wp/wp-includes/class-wp-hook.php on line 303
[02-Sep-2021 05:22:28 UTC] PHP Warning:  call_user_func_array() expects parameter 1 to be a valid callback, function 'webitiSetup' not found or invalid function name in /var/www/html/Webiti/Site/Webiti-v2/wp/wp-includes/class-wp-hook.php on line 303
[02-Sep-2021 05:22:28 UTC] PHP Warning:  call_user_func_array() expects parameter 1 to be a valid callback, function 'webitiSetup' not found or invalid function name in /var/www/html/Webiti/Site/Webiti-v2/wp/wp-includes/class-wp-hook.php on line 303
[02-Sep-2021 05:22:28 UTC] PHP Warning:  call_user_func_array() expects parameter 1 to be a valid callback, function 'webitiSetup' not found or invalid function name in /var/www/html/Webiti/Site/Webiti-v2/wp/wp-includes/class-wp-hook.php on line 303
[02-Sep-2021 05:22:28 UTC] PHP Warning:  call_user_func_array() expects parameter 1 to be a valid callback, function 'webitiSetup' not found or invalid function name in /var/www/html/Webiti/Site/Webiti-v2/wp/wp-includes/class-wp-hook.php on line 303
[02-Sep-2021 05:22:28 UTC] PHP Warning:  call_user_func_array() expects parameter 1 to be a valid callback, function 'webitiSetup' not found or invalid function name in /var/www/html/Webiti/Site/Webiti-v2/wp/wp-includes/class-wp-hook.php on line 303
[02-Sep-2021 05:22:28 UTC] PHP Warning:  call_user_func_array() expects parameter 1 to be a valid callback, function 'webitiSetup' not found or invalid function name in /var/www/html/Webiti/Site/Webiti-v2/wp/wp-includes/class-wp-hook.php on line 303
[02-Sep-2021 05:22:28 UTC] PHP Warning:  call_user_func_array() expects parameter 1 to be a valid callback, function 'webitiSetup' not found or invalid function name in /var/www/html/Webiti/Site/Webiti-v2/wp/wp-includes/class-wp-hook.php on line 303
[02-Sep-2021 05:22:28 UTC] PHP Warning:  call_user_func_array() expects parameter 1 to be a valid callback, function 'webitiSetup' not found or invalid function name in /var/www/html/Webiti/Site/Webiti-v2/wp/wp-includes/class-wp-hook.php on line 303
[02-Sep-2021 05:22:28 UTC] PHP Warning:  call_user_func_array() expects parameter 1 to be a valid callback, function 'webitiSetup' not found or invalid function name in /var/www/html/Webiti/Site/Webiti-v2/wp/wp-includes/class-wp-hook.php on line 303
[02-Sep-2021 05:22:28 UTC] PHP Warning:  call_user_func_array() expects parameter 1 to be a valid callback, function 'webitiSetup' not found or invalid function name in /var/www/html/Webiti/Site/Webiti-v2/wp/wp-includes/class-wp-hook.php on line 303
[02-Sep-2021 05:22:28 UTC] PHP Warning:  call_user_func_array() expects parameter 1 to be a valid callback, function 'webitiSetup' not found or invalid function name in /var/www/html/Webiti/Site/Webiti-v2/wp/wp-includes/class-wp-hook.php on line 303
[02-Sep-2021 05:22:28 UTC] PHP Warning:  call_user_func_array() expects parameter 1 to be a valid callback, function 'webitiSetup' not found or invalid function name in /var/www/html/Webiti/Site/Webiti-v2/wp/wp-includes/class-wp-hook.php on line 303
[02-Sep-2021 05:22:28 UTC] PHP Warning:  call_user_func_array() expects parameter 1 to be a valid callback, function 'webitiSetup' not found or invalid function name in /var/www/html/Webiti/Site/Webiti-v2/wp/wp-includes/class-wp-hook.php on line 303
[02-Sep-2021 05:22:28 UTC] PHP Warning:  call_user_func_array() expects parameter 1 to be a valid callback, function 'webitiSetup' not found or invalid function name in /var/www/html/Webiti/Site/Webiti-v2/wp/wp-includes/class-wp-hook.php on line 303
[02-Sep-2021 05:22:28 UTC] PHP Warning:  call_user_func_array() expects parameter 1 to be a valid callback, function 'webitiSetup' not found or invalid function name in /var/www/html/Webiti/Site/Webiti-v2/wp/wp-includes/class-wp-hook.php on line 303
[02-Sep-2021 05:22:28 UTC] PHP Warning:  call_user_func_array() expects parameter 1 to be a valid callback, function 'webitiSetup' not found or invalid function name in /var/www/html/Webiti/Site/Webiti-v2/wp/wp-includes/class-wp-hook.php on line 303
[02-Sep-2021 05:22:28 UTC] PHP Warning:  call_user_func_array() expects parameter 1 to be a valid callback, function 'webitiSetup' not found or invalid function name in /var/www/html/Webiti/Site/Webiti-v2/wp/wp-includes/class-wp-hook.php on line 303
[02-Sep-2021 05:22:28 UTC] PHP Warning:  call_user_func_array() expects parameter 1 to be a valid callback, function 'webitiSetup' not found or invalid function name in /var/www/html/Webiti/Site/Webiti-v2/wp/wp-includes/class-wp-hook.php on line 303
[02-Sep-2021 05:22:28 UTC] PHP Warning:  call_user_func_array() expects parameter 1 to be a valid callback, function 'webitiSetup' not found or invalid function name in /var/www/html/Webiti/Site/Webiti-v2/wp/wp-includes/class-wp-hook.php on line 303
[02-Sep-2021 05:22:28 UTC] PHP Warning:  call_user_func_array() expects parameter 1 to be a valid callback, function 'webitiSetup' not found or invalid function name in /var/www/html/Webiti/Site/Webiti-v2/wp/wp-includes/class-wp-hook.php on line 303
[02-Sep-2021 05:22:28 UTC] PHP Warning:  call_user_func_array() expects parameter 1 to be a valid callback, function 'webitiSetup' not found or invalid function name in /var/www/html/Webiti/Site/Webiti-v2/wp/wp-includes/class-wp-hook.php on line 303
[02-Sep-2021 05:22:28 UTC] PHP Warning:  call_user_func_array() expects parameter 1 to be a valid callback, function 'webitiSetup' not found or invalid function name in /var/www/html/Webiti/Site/Webiti-v2/wp/wp-includes/class-wp-hook.php on line 303
[02-Sep-2021 05:22:28 UTC] PHP Warning:  call_user_func_array() expects parameter 1 to be a valid callback, function 'webitiSetup' not found or invalid function name in /var/www/html/Webiti/Site/Webiti-v2/wp/wp-includes/class-wp-hook.php on line 303
[02-Sep-2021 05:22:28 UTC] PHP Warning:  call_user_func_array() expects parameter 1 to be a valid callback, function 'webitiSetup' not found or invalid function name in /var/www/html/Webiti/Site/Webiti-v2/wp/wp-includes/class-wp-hook.php on line 303
[02-Sep-2021 05:22:28 UTC] PHP Warning:  call_user_func_array() expects parameter 1 to be a valid callback, function 'webitiSetup' not found or invalid function name in /var/www/html/Webiti/Site/Webiti-v2/wp/wp-includes/class-wp-hook.php on line 303
[02-Sep-2021 05:22:28 UTC] PHP Warning:  call_user_func_array() expects parameter 1 to be a valid callback, function 'webitiSetup' not found or invalid function name in /var/www/html/Webiti/Site/Webiti-v2/wp/wp-includes/class-wp-hook.php on line 303
[02-Sep-2021 05:22:28 UTC] PHP Warning:  call_user_func_array() expects parameter 1 to be a valid callback, function 'webitiSetup' not found or invalid function name in /var/www/html/Webiti/Site/Webiti-v2/wp/wp-includes/class-wp-hook.php on line 303
[02-Sep-2021 05:22:28 UTC] PHP Warning:  call_user_func_array() expects parameter 1 to be a valid callback, function 'webitiSetup' not found or invalid function name in /var/www/html/Webiti/Site/Webiti-v2/wp/wp-includes/class-wp-hook.php on line 303
[02-Sep-2021 05:22:28 UTC] PHP Warning:  call_user_func_array() expects parameter 1 to be a valid callback, function 'webitiSetup' not found or invalid function name in /var/www/html/Webiti/Site/Webiti-v2/wp/wp-includes/class-wp-hook.php on line 303
[02-Sep-2021 05:22:28 UTC] PHP Warning:  call_user_func_array() expects parameter 1 to be a valid callback, function 'webitiSetup' not found or invalid function name in /var/www/html/Webiti/Site/Webiti-v2/wp/wp-includes/class-wp-hook.php on line 303
[02-Sep-2021 05:22:28 UTC] PHP Warning:  call_user_func_array() expects parameter 1 to be a valid callback, function 'webitiSetup' not found or invalid function name in /var/www/html/Webiti/Site/Webiti-v2/wp/wp-includes/class-wp-hook.php on line 303
[02-Sep-2021 05:22:28 UTC] PHP Warning:  call_user_func_array() expects parameter 1 to be a valid callback, function 'webitiSetup' not found or invalid function name in /var/www/html/Webiti/Site/Webiti-v2/wp/wp-includes/class-wp-hook.php on line 303
[02-Sep-2021 05:22:28 UTC] PHP Warning:  call_user_func_array() expects parameter 1 to be a valid callback, function 'webitiSetup' not found or invalid function name in /var/www/html/Webiti/Site/Webiti-v2/wp/wp-includes/class-wp-hook.php on line 303
[02-Sep-2021 05:22:28 UTC] PHP Warning:  call_user_func_array() expects parameter 1 to be a valid callback, function 'webitiSetup' not found or invalid function name in /var/www/html/Webiti/Site/Webiti-v2/wp/wp-includes/class-wp-hook.php on line 303
[02-Sep-2021 05:22:28 UTC] PHP Warning:  call_user_func_array() expects parameter 1 to be a valid callback, function 'webitiSetup' not found or invalid function name in /var/www/html/Webiti/Site/Webiti-v2/wp/wp-includes/class-wp-hook.php on line 303
[02-Sep-2021 05:22:28 UTC] PHP Warning:  call_user_func_array() expects parameter 1 to be a valid callback, function 'webitiSetup' not found or invalid function name in /var/www/html/Webiti/Site/Webiti-v2/wp/wp-includes/class-wp-hook.php on line 303
[02-Sep-2021 05:22:28 UTC] PHP Warning:  call_user_func_array() expects parameter 1 to be a valid callback, function 'webitiSetup' not found or invalid function name in /var/www/html/Webiti/Site/Webiti-v2/wp/wp-includes/class-wp-hook.php on line 303
[02-Sep-2021 05:22:53 UTC] PHP Warning:  call_user_func_array() expects parameter 1 to be a valid callback, function 'webitiSetup' not found or invalid function name in /var/www/html/Webiti/Site/Webiti-v2/wp/wp-includes/class-wp-hook.php on line 303
[02-Sep-2021 05:22:53 UTC] PHP Warning:  call_user_func_array() expects parameter 1 to be a valid callback, function 'webitiSetup' not found or invalid function name in /var/www/html/Webiti/Site/Webiti-v2/wp/wp-includes/class-wp-hook.php on line 303
[02-Sep-2021 05:22:53 UTC] PHP Warning:  call_user_func_array() expects parameter 1 to be a valid callback, function 'webitiSetup' not found or invalid function name in /var/www/html/Webiti/Site/Webiti-v2/wp/wp-includes/class-wp-hook.php on line 303
[02-Sep-2021 05:22:53 UTC] PHP Warning:  call_user_func_array() expects parameter 1 to be a valid callback, function 'webitiSetup' not found or invalid function name in /var/www/html/Webiti/Site/Webiti-v2/wp/wp-includes/class-wp-hook.php on line 303
[02-Sep-2021 05:22:53 UTC] PHP Warning:  call_user_func_array() expects parameter 1 to be a valid callback, function 'webitiSetup' not found or invalid function name in /var/www/html/Webiti/Site/Webiti-v2/wp/wp-includes/class-wp-hook.php on line 303
[02-Sep-2021 05:22:53 UTC] PHP Warning:  call_user_func_array() expects parameter 1 to be a valid callback, function 'webitiSetup' not found or invalid function name in /var/www/html/Webiti/Site/Webiti-v2/wp/wp-includes/class-wp-hook.php on line 303
[02-Sep-2021 05:22:53 UTC] PHP Warning:  call_user_func_array() expects parameter 1 to be a valid callback, function 'webitiSetup' not found or invalid function name in /var/www/html/Webiti/Site/Webiti-v2/wp/wp-includes/class-wp-hook.php on line 303
[02-Sep-2021 05:22:53 UTC] PHP Warning:  call_user_func_array() expects parameter 1 to be a valid callback, function 'webitiSetup' not found or invalid function name in /var/www/html/Webiti/Site/Webiti-v2/wp/wp-includes/class-wp-hook.php on line 303
[02-Sep-2021 05:22:53 UTC] PHP Warning:  call_user_func_array() expects parameter 1 to be a valid callback, function 'webitiSetup' not found or invalid function name in /var/www/html/Webiti/Site/Webiti-v2/wp/wp-includes/class-wp-hook.php on line 303
[02-Sep-2021 05:22:53 UTC] PHP Warning:  call_user_func_array() expects parameter 1 to be a valid callback, function 'webitiSetup' not found or invalid function name in /var/www/html/Webiti/Site/Webiti-v2/wp/wp-includes/class-wp-hook.php on line 303
[02-Sep-2021 05:22:53 UTC] PHP Warning:  call_user_func_array() expects parameter 1 to be a valid callback, function 'webitiSetup' not found or invalid function name in /var/www/html/Webiti/Site/Webiti-v2/wp/wp-includes/class-wp-hook.php on line 303
[02-Sep-2021 05:22:53 UTC] PHP Warning:  call_user_func_array() expects parameter 1 to be a valid callback, function 'webitiSetup' not found or invalid function name in /var/www/html/Webiti/Site/Webiti-v2/wp/wp-includes/class-wp-hook.php on line 303
[02-Sep-2021 05:22:53 UTC] PHP Warning:  call_user_func_array() expects parameter 1 to be a valid callback, function 'webitiSetup' not found or invalid function name in /var/www/html/Webiti/Site/Webiti-v2/wp/wp-includes/class-wp-hook.php on line 303
[02-Sep-2021 05:22:53 UTC] PHP Warning:  call_user_func_array() expects parameter 1 to be a valid callback, function 'webitiSetup' not found or invalid function name in /var/www/html/Webiti/Site/Webiti-v2/wp/wp-includes/class-wp-hook.php on line 303
[02-Sep-2021 05:22:53 UTC] PHP Warning:  call_user_func_array() expects parameter 1 to be a valid callback, function 'webitiSetup' not found or invalid function name in /var/www/html/Webiti/Site/Webiti-v2/wp/wp-includes/class-wp-hook.php on line 303
[02-Sep-2021 05:22:53 UTC] PHP Warning:  call_user_func_array() expects parameter 1 to be a valid callback, function 'webitiSetup' not found or invalid function name in /var/www/html/Webiti/Site/Webiti-v2/wp/wp-includes/class-wp-hook.php on line 303
[02-Sep-2021 05:22:53 UTC] PHP Warning:  call_user_func_array() expects parameter 1 to be a valid callback, function 'webitiSetup' not found or invalid function name in /var/www/html/Webiti/Site/Webiti-v2/wp/wp-includes/class-wp-hook.php on line 303
[02-Sep-2021 05:22:53 UTC] PHP Warning:  call_user_func_array() expects parameter 1 to be a valid callback, function 'webitiSetup' not found or invalid function name in /var/www/html/Webiti/Site/Webiti-v2/wp/wp-includes/class-wp-hook.php on line 303
[02-Sep-2021 05:22:53 UTC] PHP Warning:  call_user_func_array() expects parameter 1 to be a valid callback, function 'webitiSetup' not found or invalid function name in /var/www/html/Webiti/Site/Webiti-v2/wp/wp-includes/class-wp-hook.php on line 303
[02-Sep-2021 05:22:53 UTC] PHP Warning:  call_user_func_array() expects parameter 1 to be a valid callback, function 'webitiSetup' not found or invalid function name in /var/www/html/Webiti/Site/Webiti-v2/wp/wp-includes/class-wp-hook.php on line 303
[02-Sep-2021 05:22:53 UTC] PHP Warning:  call_user_func_array() expects parameter 1 to be a valid callback, function 'webitiSetup' not found or invalid function name in /var/www/html/Webiti/Site/Webiti-v2/wp/wp-includes/class-wp-hook.php on line 303
[02-Sep-2021 05:22:53 UTC] PHP Warning:  call_user_func_array() expects parameter 1 to be a valid callback, function 'webitiSetup' not found or invalid function name in /var/www/html/Webiti/Site/Webiti-v2/wp/wp-includes/class-wp-hook.php on line 303
[02-Sep-2021 05:22:53 UTC] PHP Warning:  call_user_func_array() expects parameter 1 to be a valid callback, function 'webitiSetup' not found or invalid function name in /var/www/html/Webiti/Site/Webiti-v2/wp/wp-includes/class-wp-hook.php on line 303
[02-Sep-2021 05:22:53 UTC] PHP Warning:  call_user_func_array() expects parameter 1 to be a valid callback, function 'webitiSetup' not found or invalid function name in /var/www/html/Webiti/Site/Webiti-v2/wp/wp-includes/class-wp-hook.php on line 303
[02-Sep-2021 05:22:53 UTC] PHP Warning:  call_user_func_array() expects parameter 1 to be a valid callback, function 'webitiSetup' not found or invalid function name in /var/www/html/Webiti/Site/Webiti-v2/wp/wp-includes/class-wp-hook.php on line 303
[02-Sep-2021 05:22:53 UTC] PHP Warning:  call_user_func_array() expects parameter 1 to be a valid callback, function 'webitiSetup' not found or invalid function name in /var/www/html/Webiti/Site/Webiti-v2/wp/wp-includes/class-wp-hook.php on line 303
[02-Sep-2021 05:22:53 UTC] PHP Warning:  call_user_func_array() expects parameter 1 to be a valid callback, function 'webitiSetup' not found or invalid function name in /var/www/html/Webiti/Site/Webiti-v2/wp/wp-includes/class-wp-hook.php on line 303
[02-Sep-2021 05:22:53 UTC] PHP Warning:  call_user_func_array() expects parameter 1 to be a valid callback, function 'webitiSetup' not found or invalid function name in /var/www/html/Webiti/Site/Webiti-v2/wp/wp-includes/class-wp-hook.php on line 303
[02-Sep-2021 05:22:53 UTC] PHP Warning:  call_user_func_array() expects parameter 1 to be a valid callback, function 'webitiSetup' not found or invalid function name in /var/www/html/Webiti/Site/Webiti-v2/wp/wp-includes/class-wp-hook.php on line 303
[02-Sep-2021 05:22:53 UTC] PHP Warning:  call_user_func_array() expects parameter 1 to be a valid callback, function 'webitiSetup' not found or invalid function name in /var/www/html/Webiti/Site/Webiti-v2/wp/wp-includes/class-wp-hook.php on line 303
[02-Sep-2021 05:22:53 UTC] PHP Warning:  call_user_func_array() expects parameter 1 to be a valid callback, function 'webitiSetup' not found or invalid function name in /var/www/html/Webiti/Site/Webiti-v2/wp/wp-includes/class-wp-hook.php on line 303
[02-Sep-2021 05:22:53 UTC] PHP Warning:  call_user_func_array() expects parameter 1 to be a valid callback, function 'webitiSetup' not found or invalid function name in /var/www/html/Webiti/Site/Webiti-v2/wp/wp-includes/class-wp-hook.php on line 303
[02-Sep-2021 05:22:53 UTC] PHP Warning:  call_user_func_array() expects parameter 1 to be a valid callback, function 'webitiSetup' not found or invalid function name in /var/www/html/Webiti/Site/Webiti-v2/wp/wp-includes/class-wp-hook.php on line 303
[02-Sep-2021 05:22:53 UTC] PHP Warning:  call_user_func_array() expects parameter 1 to be a valid callback, function 'webitiSetup' not found or invalid function name in /var/www/html/Webiti/Site/Webiti-v2/wp/wp-includes/class-wp-hook.php on line 303
[02-Sep-2021 05:22:53 UTC] PHP Warning:  call_user_func_array() expects parameter 1 to be a valid callback, function 'webitiSetup' not found or invalid function name in /var/www/html/Webiti/Site/Webiti-v2/wp/wp-includes/class-wp-hook.php on line 303
[02-Sep-2021 05:22:53 UTC] PHP Warning:  call_user_func_array() expects parameter 1 to be a valid callback, function 'webitiSetup' not found or invalid function name in /var/www/html/Webiti/Site/Webiti-v2/wp/wp-includes/class-wp-hook.php on line 303
[02-Sep-2021 05:22:53 UTC] PHP Warning:  call_user_func_array() expects parameter 1 to be a valid callback, function 'webitiSetup' not found or invalid function name in /var/www/html/Webiti/Site/Webiti-v2/wp/wp-includes/class-wp-hook.php on line 303
[02-Sep-2021 05:22:53 UTC] PHP Warning:  call_user_func_array() expects parameter 1 to be a valid callback, function 'webitiSetup' not found or invalid function name in /var/www/html/Webiti/Site/Webiti-v2/wp/wp-includes/class-wp-hook.php on line 303
[02-Sep-2021 05:22:53 UTC] PHP Warning:  call_user_func_array() expects parameter 1 to be a valid callback, function 'webitiSetup' not found or invalid function name in /var/www/html/Webiti/Site/Webiti-v2/wp/wp-includes/class-wp-hook.php on line 303
[02-Sep-2021 05:22:53 UTC] PHP Warning:  call_user_func_array() expects parameter 1 to be a valid callback, function 'webitiSetup' not found or invalid function name in /var/www/html/Webiti/Site/Webiti-v2/wp/wp-includes/class-wp-hook.php on line 303
[02-Sep-2021 05:22:54 UTC] PHP Warning:  call_user_func_array() expects parameter 1 to be a valid callback, function 'webitiSetup' not found or invalid function name in /var/www/html/Webiti/Site/Webiti-v2/wp/wp-includes/class-wp-hook.php on line 303
[02-Sep-2021 05:22:54 UTC] PHP Warning:  call_user_func_array() expects parameter 1 to be a valid callback, function 'webitiSetup' not found or invalid function name in /var/www/html/Webiti/Site/Webiti-v2/wp/wp-includes/class-wp-hook.php on line 303
[02-Sep-2021 05:22:54 UTC] PHP Warning:  call_user_func_array() expects parameter 1 to be a valid callback, function 'webitiSetup' not found or invalid function name in /var/www/html/Webiti/Site/Webiti-v2/wp/wp-includes/class-wp-hook.php on line 303
[02-Sep-2021 05:22:54 UTC] PHP Warning:  call_user_func_array() expects parameter 1 to be a valid callback, function 'webitiSetup' not found or invalid function name in /var/www/html/Webiti/Site/Webiti-v2/wp/wp-includes/class-wp-hook.php on line 303
[02-Sep-2021 05:22:54 UTC] PHP Warning:  call_user_func_array() expects parameter 1 to be a valid callback, function 'webitiSetup' not found or invalid function name in /var/www/html/Webiti/Site/Webiti-v2/wp/wp-includes/class-wp-hook.php on line 303
[02-Sep-2021 05:22:54 UTC] PHP Warning:  call_user_func_array() expects parameter 1 to be a valid callback, function 'webitiSetup' not found or invalid function name in /var/www/html/Webiti/Site/Webiti-v2/wp/wp-includes/class-wp-hook.php on line 303
[02-Sep-2021 05:22:54 UTC] PHP Warning:  call_user_func_array() expects parameter 1 to be a valid callback, function 'webitiSetup' not found or invalid function name in /var/www/html/Webiti/Site/Webiti-v2/wp/wp-includes/class-wp-hook.php on line 303
